<?xml version="1.0" encoding="UTF-8" standalone="no"?>
<!DOCTYPE log SYSTEM "logger.dtd">
<log>
<record>
  <date>2019-09-23T16:34:00.632-0300</date>
  <logger>ARTUR BRITO SOUZA</logger>
  <level>FINE</level>
  <message>File 118210056-ARTUR BRITO SOUZA.zip was received. It was sent by ARTUR BRITO SOUZA from IP 150.165.42.206 at 23-09-2019 16*34*00</message>
</record>
</log>
<?xml version="1.0" encoding="UTF-8" standalone="no"?>
<!DOCTYPE log SYSTEM "logger.dtd">
<log>
<record>
  <date>2019-09-25T14:42:29.824-0300</date>
  <logger>ARTUR BRITO SOUZA</logger>
  <level>FINE</level>
  <message>File 118210056-ARTUR BRITO SOUZA.zip was received. It was sent by ARTUR BRITO SOUZA from IP 192.168.0.18 at 25-09-2019 14*42*29</message>
</record>
</log>
<?xml version="1.0" encoding="UTF-8" standalone="no"?>
<!DOCTYPE log SYSTEM "logger.dtd">
<log>
<record>
  <date>2019-09-25T15:28:20.141-0300</date>
  <logger>ARTUR BRITO SOUZA</logger>
  <level>FINE</level>
  <message>File 118210056-ARTUR BRITO SOUZA.zip was received. It was sent by ARTUR BRITO SOUZA from IP 192.168.0.18 at 25-09-2019 15*28*20</message>
</record>
